<?xml version="1.0" encoding="UTF-8" ?>
<testsuite errors="0" failures="0" hostname="dosipic-VirtualBox" name="fr.isen.tetris.TestShape" skipped="0" tests="1" time="0.424" timestamp="2018-09-21T08:39:13">
  <properties>
    <property name="java.vendor" value="Oracle Corporation" />
    <property name="sun.java.launcher" value="SUN_STANDARD" />
    <property name="sun.management.compiler" value="HotSpot 64-Bit Tiered Compilers" />
    <property name="os.name" value="Linux" />
    <property name="sun.boot.class.path" value="/usr/lib/jvm/java-8-openjdk-amd64/jre/lib/resources.jar:/usr/lib/jvm/java-8-openjdk-amd64/jre/lib/rt.jar:/usr/lib/jvm/java-8-openjdk-amd64/jre/lib/sunrsasign.jar:/usr/lib/jvm/java-8-openjdk-amd64/jre/lib/jsse.jar:/usr/lib/jvm/java-8-openjdk-amd64/jre/lib/jce.jar:/usr/lib/jvm/java-8-openjdk-amd64/jre/lib/charsets.jar:/usr/lib/jvm/java-8-openjdk-amd64/jre/lib/jfr.jar:/usr/lib/jvm/java-8-openjdk-amd64/jre/classes" />
    <property name="sun.desktop" value="gnome" />
    <property name="java.vm.specification.vendor" value="Oracle Corporation" />
    <property name="ant.home" value="/home/dosipic/software/eclipse-java-photon-R-linux-gtk-x86_64/eclipse/plugins/org.apache.ant_1.10.3.v20180417-1627" />
    <property name="java.runtime.version" value="1.8.0_171-8u171-b11-0ubuntu0.18.04.1-b11" />
    <property name="ant.file.type.Compilation de Tetris" value="file" />
    <property name="user.name" value="dosipic" />
    <property name="user.language" value="fr" />
    <property name="sun.boot.library.path" value="/usr/lib/jvm/java-8-openjdk-amd64/jre/lib/amd64" />
    <property name="ant.project.default-target" value="dist" />
    <property name="doc.dir" value="/home/dosipic/Bureau/git_remote/projet_uma/Tetris2/javadoc" />
    <property name="ant.project.name" value="Compilation de Tetris" />
    <property name="java.version" value="1.8.0_171" />
    <property name="version" value="1.2" />
    <property name="user.timezone" value="" />
    <property name="sun.arch.data.model" value="64" />
    <property name="java.endorsed.dirs" value="/usr/lib/jvm/java-8-openjdk-amd64/jre/lib/endorsed" />
    <property name="sun.cpu.isalist" value="" />
    <property name="sun.jnu.encoding" value="UTF-8" />
    <property name="file.encoding.pkg" value="sun.io" />
    <property name="file.separator" value="/" />
    <property name="java.specification.name" value="Java Platform API Specification" />
    <property name="java.class.version" value="52.0" />
    <property name="user.country" value="FR" />
    <property name="java.home" value="/usr/lib/jvm/java-8-openjdk-amd64/jre" />
    <property name="java.vm.info" value="mixed mode" />
    <property name="main-class" value="fr.ubo.tertris.Tertis" />
    <property name="ant.file" value="/home/dosipic/Bureau/git_remote/projet_uma/Tetris2/build.xml" />
    <property name="os.version" value="4.15.0-29-generic" />
    <property name="test.reports" value="test-reports" />
    <property name="path.separator" value=":" />
    <property name="java.vm.version" value="25.171-b11" />
    <property name="ant.library.dir" value="/home/dosipic/software/eclipse-java-photon-R-linux-gtk-x86_64/eclipse/plugins/org.apache.ant_1.10.3.v20180417-1627/lib" />
    <property name="java.awt.printerjob" value="sun.print.PSPrinterJob" />
    <property name="sun.io.unicode.encoding" value="UnicodeLittle" />
    <property name="awt.toolkit" value="sun.awt.X11.XToolkit" />
    <property name="user.home" value="/home/dosipic" />
    <property name="java.specification.vendor" value="Oracle Corporation" />
    <property name="java.library.path" value="/usr/java/packages/lib/amd64:/usr/lib/x86_64-linux-gnu/jni:/lib/x86_64-linux-gnu:/usr/lib/x86_64-linux-gnu:/usr/lib/jni:/lib:/usr/lib" />
    <property name="java.vendor.url" value="http://java.oracle.com/" />
    <property name="test.result.dir" value="test-results" />
    <property name="java.vm.vendor" value="Oracle Corporation" />
    <property name="compile.classpath" value="/home/dosipic/Bureau/git_remote/projet_uma/Tetris2/lib/commons-lang3-3.5.jar" />
    <property name="java.runtime.name" value="OpenJDK Runtime Environment" />
    <property name="sun.java.command" value="org.apache.tools.ant.taskdefs.optional.junit.JUnitTestRunner fr.isen.tetris.TestShape skipNonTests=false filtertrace=true haltOnError=false haltOnFailure=true formatter=org.apache.tools.ant.taskdefs.optional.junit.OutErrSummaryJUnitResultFormatter showoutput=false outputtoformatters=true logfailedtests=true threadid=0 logtestlistenerevents=false formatter=org.apache.tools.ant.taskdefs.optional.junit.PlainJUnitResultFormatter,/home/dosipic/Bureau/git_remote/projet_uma/Tetris2/bin/test-results/TEST-fr.isen.tetris.TestShape.txt formatter=org.apache.tools.ant.taskdefs.optional.junit.XMLJUnitResultFormatter,/home/dosipic/Bureau/git_remote/projet_uma/Tetris2/bin/test-results/TEST-fr.isen.tetris.TestShape.xml crashfile=/home/dosipic/Bureau/git_remote/projet_uma/Tetris2/junitvmwatcher2756228549355796793.properties propsfile=/home/dosipic/Bureau/git_remote/projet_uma/Tetris2/junit2616991866081744303.properties" />
    <property name="java.class.path" value="/home/dosipic/Bureau/git_remote/projet_uma/Tetris2/lib/commons-lang3-3.5.jar:/home/dosipic/Bureau/git_remote/projet_uma/Tetris2/lib/junit-4.12.jar:/home/dosipic/Bureau/git_remote/projet_uma/Tetris2/lib/hamcrest-core-1.3.jar:/home/dosipic/Bureau/git_remote/projet_uma/Tetris2/bin:/home/dosipic/software/eclipse-java-photon-R-linux-gtk-x86_64/eclipse/plugins/org.apache.ant_1.10.3.v20180417-1627/lib/ant-launcher.jar:/home/dosipic/software/eclipse-java-photon-R-linux-gtk-x86_64/eclipse/plugins/org.apache.ant_1.10.3.v20180417-1627/lib/ant.jar:/home/dosipic/software/eclipse-java-photon-R-linux-gtk-x86_64/eclipse/plugins/org.apache.ant_1.10.3.v20180417-1627/lib/ant-junit.jar:/home/dosipic/software/eclipse-java-photon-R-linux-gtk-x86_64/eclipse/plugins/org.apache.ant_1.10.3.v20180417-1627/lib/ant-junit4.jar" />
    <property name="ant.version" value="Apache Ant(TM) version 1.10.3 compiled on March 24 2018" />
    <property name="libs.dir" value="libs" />
    <property name="java.vm.specification.name" value="Java Virtual Machine Specification" />
    <property name="java.vm.specification.version" value="1.8" />
    <property name="sun.cpu.endian" value="little" />
    <property name="sun.os.patch.level" value="unknown" />
    <property name="java.io.tmpdir" value="/tmp" />
    <property name="java.vendor.url.bug" value="http://bugreport.sun.com/bugreport/" />
    <property name="os.arch" value="amd64" />
    <property name="java.awt.graphicsenv" value="sun.awt.X11GraphicsEnvironment" />
    <property name="java.ext.dirs" value="/usr/lib/jvm/java-8-openjdk-amd64/jre/lib/ext:/usr/java/packages/lib/ext" />
    <property name="user.dir" value="/home/dosipic/Bureau/git_remote/projet_uma/Tetris2" />
    <property name="ant.file.Compilation de Tetris" value="/home/dosipic/Bureau/git_remote/projet_uma/Tetris2/build.xml" />
    <property name="line.separator" value="&#xa;" />
    <property name="java.vm.name" value="OpenJDK 64-Bit Server VM" />
    <property name="basedir" value="/home/dosipic/Bureau/git_remote/projet_uma/Tetris2" />
    <property name="ant.java.version" value="1.8" />
    <property name="obj.dir" value="bin" />
    <property name="ant.core.lib" value="/home/dosipic/software/eclipse-java-photon-R-linux-gtk-x86_64/eclipse/plugins/org.apache.ant_1.10.3.v20180417-1627/lib/ant.jar" />
    <property name="file.encoding" value="UTF-8" />
    <property name="java.specification.version" value="1.8" />
    <property name="src.dir" value="src" />
    <property name="ant.project.invoked-targets" value="test-reports" />
  </properties>
  <testcase classname="fr.isen.tetris.TestShape" name="setRandomShape" time="0.002" />
  <system-out><![CDATA[]]></system-out>
  <system-err><![CDATA[]]></system-err>
</testsuite>
